<?xml version="1.0" encoding="UTF-8"?>
<testng-results skipped="0" failed="0" total="1" passed="1">
  <reporter-output>
  </reporter-output>
  <suite name="Default suite" duration-ms="67429" started-at="2016-05-11T13:43:25Z" finished-at="2016-05-11T13:44:32Z">
    <groups>
    </groups>
    <test name="Default test" duration-ms="67429" started-at="2016-05-11T13:43:25Z" finished-at="2016-05-11T13:44:32Z">
      <class name="com.pack.tests.LoginTest">
        <test-method status="PASS" signature="setUp()[pri:0, instance:com.pack.tests.LoginTest@8ba0dd4]" name="setUp" is-config="true" duration-ms="5965" started-at="2016-05-11T19:13:25Z" finished-at="2016-05-11T19:13:30Z">
          <reporter-output>
          </reporter-output>
        </test-method> <!-- setUp -->
        <test-method status="PASS" signature="testLoginLogout()[pri:0, instance:com.pack.tests.LoginTest@8ba0dd4]" name="testLoginLogout" duration-ms="60148" started-at="2016-05-11T19:13:31Z" finished-at="2016-05-11T19:14:31Z">
          <reporter-output>
          </reporter-output>
        </test-method> <!-- testLoginLogout -->
        <test-method status="PASS" signature="tearDown()[pri:0, instance:com.pack.tests.LoginTest@8ba0dd4]" name="tearDown" is-config="true" duration-ms="1296" started-at="2016-05-11T19:14:31Z" finished-at="2016-05-11T19:14:32Z">
          <reporter-output>
          </reporter-output>
        </test-method> <!-- tearDown -->
      </class> <!-- com.pack.tests.LoginTest -->
    </test> <!-- Default test -->
  </suite> <!-- Default suite -->
</testng-results>
